<?xml version="1.0" encoding="UTF-8"?>
<!-- Generated by org.testng.reporters.JUnitReportReporter -->
<testsuite hostname="BVIMUMLAP-157" failures="0" tests="1" name="com.Logistics.Rasepuser.scripts.testcase1" time="26.036" errors="0" timestamp="2024-03-09T17:52:03 IST" skipped="0">
  <testcase classname="com.Logistics.Rasepuser.scripts.testcase1" name="tc1" time="26.036"/>
</testsuite> <!-- com.Logistics.Rasepuser.scripts.testcase1 -->
