<?xml version="1.0" encoding="UTF-8"?>
<!-- Generated by org.testng.reporters.JUnitReportReporter -->
<testsuite hostname="BVIMUMLAP-157" failures="0" tests="3" name="com.Logistics.Rasepuser.scripts.trcreatetc1" time="441.325" errors="0" timestamp="2023-10-16T10:40:26 IST" skipped="0">
  <testcase classname="com.Logistics.Rasepuser.scripts.trcreatetc1" name="trcrttc1" time="142.025"/>
  <testcase classname="com.Logistics.Rasepuser.scripts.trcreatetc1" name="trcrttc1" time="143.131"/>
  <testcase classname="com.Logistics.Rasepuser.scripts.trcreatetc1" name="trcrttc1" time="156.169"/>
</testsuite> <!-- com.Logistics.Rasepuser.scripts.trcreatetc1 -->
