<?xml version="1.0" encoding="UTF-8"?>
<!-- Generated by org.testng.reporters.JUnitReportReporter -->
<testsuite hostname="BVIMUMLAP-157" failures="0" tests="1" name="com.Logistics.Rasepuser.scripts.packagedetails" time="27.725" errors="0" timestamp="2023-09-02T21:53:33 IST" skipped="0">
  <testcase classname="com.Logistics.Rasepuser.scripts.packagedetails" name="tc" time="27.725"/>
</testsuite> <!-- com.Logistics.Rasepuser.scripts.packagedetails -->
